<?xml version="1.0" encoding="UTF-8"?>
<!-- Generated by org.testng.reporters.JUnitReportReporter -->
<testsuite hostname="HBPL-LTP-007" failures="0" tests="22" name="gifting_web.ReportFormat" time="171.636" errors="0" timestamp="10 Apr 2019 03:13:05 GMT" skipped="0">
  <testcase classname="gifting_web.ReportFormat" name="Open_Browser" time="2.897"/>
  <testcase classname="gifting_web.ReportFormat" name="Enter_URL" time="8.959"/>
  <testcase classname="gifting_web.ReportFormat" name="Age_Gate" time="4.398"/>
  <testcase classname="gifting_web.ReportFormat" name="Start_Gifting" time="4.412"/>
  <testcase classname="gifting_web.ReportFormat" name="Get_Started" time="1.100"/>
  <testcase classname="gifting_web.ReportFormat" name="Recipient_Name" time="1.281"/>
  <testcase classname="gifting_web.ReportFormat" name="Select_City" time="1.310"/>
  <testcase classname="gifting_web.ReportFormat" name="Choose_City" time="1.298"/>
  <testcase classname="gifting_web.ReportFormat" name="Recipient_Favourite_Drink" time="2.846"/>
  <testcase classname="gifting_web.ReportFormat" name="Select_Genre" time="1.282"/>
  <testcase classname="gifting_web.ReportFormat" name="View_Drinks" time="3.674"/>
  <testcase classname="gifting_web.ReportFormat" name="Switch_City" time="0.002"/>
  <testcase classname="gifting_web.ReportFormat" name="City_Iteration" time="21.464"/>
  <testcase classname="gifting_web.ReportFormat" name="Gift_Basket" time="2.773"/>
  <testcase classname="gifting_web.ReportFormat" name="Promo_Codes" time="68.937"/>
  <testcase classname="gifting_web.ReportFormat" name="Personalise" time="3.184"/>
  <testcase classname="gifting_web.ReportFormat" name="Personal_Message" time="1.430"/>
  <testcase classname="gifting_web.ReportFormat" name="Receiver_Number" time="2.355"/>
  <testcase classname="gifting_web.ReportFormat" name="Personalise_Checkbox" time="2.320"/>
  <testcase classname="gifting_web.ReportFormat" name="Personalise_TC_or_Pay" time="1.848"/>
  <testcase classname="gifting_web.ReportFormat" name="Payment_Type" time="33.761"/>
  <testcase classname="gifting_web.ReportFormat" name="Quit" time="0.105"/>
</testsuite> <!-- gifting_web.ReportFormat -->
